<?xml version="1.0" encoding="utf-8"?><testsuites name="pytest tests"><testsuite name="pytest" errors="0" failures="0" skipped="0" tests="4" time="16.001" timestamp="2025-09-08T15:26:38.180032-03:00" hostname="DESKTOP-4BC4S48"><testcase classname="tests.functional.test_ui_flows" name="test_login_sucesso" time="6.279" /><testcase classname="tests.functional.test_ui_flows" name="test_falha_login" time="0.500" /><testcase classname="tests.functional.test_ui_flows" name="test_registro_login" time="1.878" /><testcase classname="tests.functional.test_ui_flows" name="test_registrar_acao_contrato_parcela" time="7.312" /></testsuite></testsuites>