<?xml version="1.0" encoding="utf-8"?><testsuites name="pytest tests"><testsuite name="pytest" errors="0" failures="0" skipped="0" tests="4" time="26.973" timestamp="2025-09-08T15:33:13.275241-03:00" hostname="DESKTOP-4BC4S48"><testcase classname="tests.functional.test_ui_flows" name="test_login_sucesso" time="9.145" /><testcase classname="tests.functional.test_ui_flows" name="test_falha_login" time="1.608" /><testcase classname="tests.functional.test_ui_flows" name="test_registro_login" time="4.728" /><testcase classname="tests.functional.test_ui_flows" name="test_registrar_acao_contrato_parcela" time="11.420" /></testsuite></testsuites>