<?xml version="1.0" encoding="utf-8"?><testsuites name="pytest tests"><testsuite name="pytest" errors="0" failures="0" skipped="0" tests="4" time="20.451" timestamp="2025-09-08T15:49:54.840310-03:00" hostname="DESKTOP-4BC4S48"><testcase classname="tests.functional.test_ui_flows" name="test_login_sucesso" time="10.840" /><testcase classname="tests.functional.test_ui_flows" name="test_falha_login" time="0.385" /><testcase classname="tests.functional.test_ui_flows" name="test_registro_login" time="1.724" /><testcase classname="tests.functional.test_ui_flows" name="test_registrar_acao_contrato_parcela" time="7.458" /></testsuite></testsuites>