<?xml version="1.0" encoding="utf-8"?><testsuites name="pytest tests"><testsuite name="pytest" errors="0" failures="0" skipped="0" tests="13" time="0.921" timestamp="2025-09-08T15:56:10.462107-03:00" hostname="DESKTOP-4BC4S48"><testcase classname="tests.server.test_app_unit" name="test_index_route" time="0.015" /><testcase classname="tests.server.test_app_unit" name="test_get_clients_no_db" time="0.003" /><testcase classname="tests.server.test_app_unit" name="test_get_client_by_cpf_missing_param" time="0.002" /><testcase classname="tests.server.test_app_unit" name="test_get_client_by_cpf_found" time="0.002" /><testcase classname="tests.server.test_app_unit" name="test_get_client_by_cpf_not_found" time="0.002" /><testcase classname="tests.server.test_app_unit" name="test_contract_helpers_builders" time="0.095" /><testcase classname="tests.server.test_app_unit" name="test_register_login_logout_and_protected" time="0.004" /><testcase classname="tests.server.test_app_unit" name="test_actions_endpoints_without_db" time="0.006" /><testcase classname="tests.server.test_app_unit" name="test_get_overdue_installments" time="0.004" /><testcase classname="tests.server.test_models" name="test_user_password_hash_and_check" time="0.011" /><testcase classname="tests.server.test_models" name="test_client_repr" time="0.001" /><testcase classname="tests.server.test_models" name="test_contract_and_installment_repr_relationship_mock" time="0.001" /><testcase classname="tests.server.test_models" name="test_action_repr_and_fields" time="0.001" /></testsuite></testsuites>